2021-01-05 20:42:38,215:INFO:PyCaret Supervised Module
2021-01-05 20:42:38,216:INFO:ML Usecase: regression
2021-01-05 20:42:38,217:INFO:version 2.2.3
2021-01-05 20:42:38,218:INFO:Initializing setup()
2021-01-05 20:42:38,218:INFO:setup(target=charges, ml_usecase=regression, available_plots={'parameter': 'Hyperparameters', 'residuals': 'Residuals', 'error': 'Prediction Error', 'cooks': 'Cooks Distance', 'rfe': 'Feature Selection', 'learning': 'Learning Curve', 'manifold': 'Manifold Learning', 'vc': 'Validation Curve', 'feature': 'Feature Importance', 'feature_all': 'Feature Importance (All)', 'tree': 'Decision Tree'}, train_size=0.7, test_data=None, preprocess=True, imputation_type=simple, iterative_imputation_iters=5, categorical_features=None, categorical_imputation=constant, categorical_iterative_imputer=lightgbm, ordinal_features=None, high_cardinality_features=None, high_cardinality_method=frequency, numeric_features=None, numeric_imputation=mean, numeric_iterative_imputer=lightgbm, date_features=None, ignore_features=None, normalize=False, normalize_method=zscore, transformation=False, transformation_method=yeo-johnson, handle_unknown_categorical=True, unknown_categorical_method=least_frequent, pca=False, pca_method=linear, pca_components=None, ignore_low_variance=False, combine_rare_levels=False, rare_level_threshold=0.1, bin_numeric_features=None, remove_outliers=False, outliers_threshold=0.05, remove_multicollinearity=False, multicollinearity_threshold=0.9, remove_perfect_collinearity=True, create_clusters=False, cluster_iter=20, polynomial_features=False, polynomial_degree=2, trigonometry_features=False, polynomial_threshold=0.1, group_features=None, group_names=None, feature_selection=False, feature_selection_threshold=0.8, feature_selection_method=classic, feature_interaction=False, feature_ratio=False, interaction_threshold=0.01, fix_imbalance=False, fix_imbalance_method=None, transform_target=False, transform_target_method=box-cox, data_split_shuffle=True, data_split_stratify=False, fold_strategy=kfold, fold=10, fold_shuffle=False, fold_groups=None, n_jobs=-1, use_gpu=False, custom_pipeline=None, html=True, session_id=123, log_experiment=False, experiment_name=None, log_plots=False, log_profile=False, log_data=False, silent=False, verbose=True, profile=False, profile_kwargs=None, display=None)
2021-01-05 20:42:38,224:INFO:Checking environment
2021-01-05 20:42:38,224:INFO:python_version: 3.8.5
2021-01-05 20:42:38,225:INFO:python_build: ('default', 'Sep  3 2020 21:29:08')
2021-01-05 20:42:38,225:INFO:machine: AMD64
2021-01-05 20:42:38,226:INFO:platform: Windows-10-10.0.18362-SP0
2021-01-05 20:42:38,226:INFO:Memory: svmem(total=17060913152, available=7543537664, percent=55.8, used=9517375488, free=7543537664)
2021-01-05 20:42:38,228:INFO:Physical Core: 4
2021-01-05 20:42:38,228:INFO:Logical Core: 8
2021-01-05 20:42:38,228:INFO:Checking libraries
2021-01-05 20:42:38,229:INFO:pd==1.1.3
2021-01-05 20:42:38,229:INFO:numpy==1.19.2
2021-01-05 20:42:38,230:INFO:sklearn==0.23.2
2021-01-05 20:42:50,287:INFO:xgboost==1.3.1
2021-01-05 20:42:50,288:INFO:lightgbm==3.1.1
2021-01-05 20:42:54,854:INFO:catboost==0.24.4
2021-01-05 20:42:59,910:INFO:mlflow==1.13.1
2021-01-05 20:42:59,912:INFO:Checking Exceptions
2021-01-05 20:42:59,913:INFO:Declaring global variables
2021-01-05 20:42:59,913:INFO:USI: 33eb
2021-01-05 20:42:59,913:INFO:pycaret_globals: {'fix_imbalance_method_param', 'experiment__', 'fix_imbalance_param', 'gpu_param', '_all_models_internal', 'display_container', 'pycaret_globals', '_gpu_n_jobs_param', 'imputation_classifier', '_all_models', 'X_train', 'USI', 'prep_pipe', 'stratify_param', 'iterative_imputation_iters_param', 'X', 'data_before_preprocess', 'fold_groups_param', 'fold_param', 'target_param', 'n_jobs_param', 'y', 'fold_generator', 'X_test', 'log_plots_param', 'seed', 'imputation_regressor', 'logging_param', '_internal_pipeline', 'transform_target_method_param', 'html_param', '_ml_usecase', 'master_model_container', 'exp_name_log', '_all_metrics', 'fold_shuffle_param', '_available_plots', 'y_test', 'create_model_container', 'y_train', 'transform_target_param'}
2021-01-05 20:42:59,917:INFO:Preparing display monitor
2021-01-05 20:42:59,919:INFO:Preparing display monitor
2021-01-05 20:42:59,943:INFO:Importing libraries
2021-01-05 20:42:59,943:INFO:Copying data for preprocessing
2021-01-05 20:42:59,960:INFO:Declaring preprocessing parameters
2021-01-05 20:42:59,967:INFO:Creating preprocessing pipeline
2021-01-05 20:42:59,977:INFO:Preprocessing pipeline created successfully
2021-01-05 20:42:59,979:ERROR:(Process Exit): setup has been interupted with user command 'quit'. setup must rerun.
2021-01-05 20:42:59,980:INFO:Creating global containers
2021-01-05 20:42:59,986:INFO:Internal pipeline: Pipeline(memory=None, steps=[('empty_step', 'passthrough')], verbose=False)
2021-01-05 20:44:19,009:INFO:Creating grid variables
2021-01-05 20:44:19,053:INFO:create_model_container: 0
2021-01-05 20:44:19,053:INFO:master_model_container: 0
2021-01-05 20:44:19,053:INFO:display_container: 1
2021-01-05 20:44:19,064:INFO:Pipeline(memory=None,
         steps=[('dtypes',
                 DataTypes_Auto_infer(categorical_features=[],
                                      display_types=True, features_todrop=[],
                                      id_columns=[], ml_usecase='regression',
                                      numerical_features=[], target='charges',
                                      time_features=[])),
                ('imputer',
                 Simple_Imputer(categorical_strategy='not_available',
                                fill_value_categorical=None,
                                fill_value_numerical=None,
                                numeric_strategy...
                ('scaling', 'passthrough'), ('P_transform', 'passthrough'),
                ('binn', 'passthrough'), ('rem_outliers', 'passthrough'),
                ('cluster_all', 'passthrough'),
                ('dummy', Dummify(target='charges')),
                ('fix_perfect', Remove_100(target='charges')),
                ('clean_names', Clean_Colum_Names()),
                ('feature_select', 'passthrough'), ('fix_multi', 'passthrough'),
                ('dfs', 'passthrough'), ('pca', 'passthrough')],
         verbose=False)
2021-01-05 20:44:19,064:INFO:setup() succesfully completed......................................
2021-01-05 20:44:19,180:INFO:Initializing create_model()
2021-01-05 20:44:19,187:INFO:create_model(estimator=lr, fold=None, round=4, cross_validation=True, predict=True, fit_kwargs=None, groups=None, refit=True, verbose=True, system=True, metrics=None, display=None, kwargs={})
2021-01-05 20:44:19,187:INFO:Checking exceptions
2021-01-05 20:44:19,188:INFO:Preparing display monitor
2021-01-05 20:44:19,217:INFO:Importing libraries
2021-01-05 20:44:19,485:INFO:Copying training dataset
2021-01-05 20:44:19,486:INFO:Defining folds
2021-01-05 20:44:19,489:INFO:Declaring metric variables
2021-01-05 20:44:19,506:INFO:Importing untrained model
2021-01-05 20:44:19,528:INFO:Linear Regression Imported succesfully
2021-01-05 20:44:19,554:INFO:Starting cross validation
2021-01-05 20:44:19,572:INFO:Cross validating with KFold(n_splits=10, random_state=123, shuffle=False), n_jobs=-1
2021-01-05 20:44:34,509:INFO:Calculating mean and std
2021-01-05 20:44:34,512:INFO:Creating metrics dataframe
2021-01-05 20:44:34,542:INFO:Finalizing model
2021-01-05 20:44:34,556:INFO:Uploading results into container
2021-01-05 20:44:34,557:INFO:Uploading model into container now
2021-01-05 20:44:34,590:INFO:create_model_container: 1
2021-01-05 20:44:34,590:INFO:master_model_container: 1
2021-01-05 20:44:34,590:INFO:display_container: 2
2021-01-05 20:44:34,598:INFO:LinearRegression(copy_X=True, fit_intercept=True, n_jobs=-1, normalize=False)
2021-01-05 20:44:34,600:INFO:create_model() succesfully completed......................................
2021-01-05 20:46:44,056:INFO:Initializing plot_model()
2021-01-05 20:46:44,063:INFO:plot_model(plot=residuals, fold=None, use_train_data=False, verbose=True, display=None, estimator=LinearRegression(copy_X=True, fit_intercept=True, n_jobs=-1, normalize=False), feature_name=None, fit_kwargs=None, groups=None, label=False, save=False, scale=1, system=True)
2021-01-05 20:46:44,064:INFO:Checking exceptions
2021-01-05 20:46:44,064:INFO:Preparing display monitor
2021-01-05 20:46:44,078:INFO:Preloading libraries
2021-01-05 20:46:44,080:INFO:Copying training dataset
2021-01-05 20:46:44,081:INFO:Copying test dataset
2021-01-05 20:46:44,082:INFO:Plot type: residuals
2021-01-05 20:47:23,115:INFO:Fitting Model
2021-01-05 20:47:23,195:INFO:Scoring test/hold-out set
2021-01-05 20:47:24,878:INFO:Visual Rendered Successfully
2021-01-05 20:47:24,990:INFO:plot_model() succesfully completed......................................
2021-01-05 20:47:25,011:INFO:PyCaret Supervised Module
2021-01-05 20:47:25,012:INFO:ML Usecase: regression
2021-01-05 20:47:25,012:INFO:version 2.2.3
2021-01-05 20:47:25,012:INFO:Initializing setup()
2021-01-05 20:47:25,012:INFO:setup(target=charges, ml_usecase=regression, available_plots={'parameter': 'Hyperparameters', 'residuals': 'Residuals', 'error': 'Prediction Error', 'cooks': 'Cooks Distance', 'rfe': 'Feature Selection', 'learning': 'Learning Curve', 'manifold': 'Manifold Learning', 'vc': 'Validation Curve', 'feature': 'Feature Importance', 'feature_all': 'Feature Importance (All)', 'tree': 'Decision Tree'}, train_size=0.7, test_data=None, preprocess=True, imputation_type=simple, iterative_imputation_iters=5, categorical_features=None, categorical_imputation=constant, categorical_iterative_imputer=lightgbm, ordinal_features=None, high_cardinality_features=None, high_cardinality_method=frequency, numeric_features=None, numeric_imputation=mean, numeric_iterative_imputer=lightgbm, date_features=None, ignore_features=None, normalize=True, normalize_method=zscore, transformation=False, transformation_method=yeo-johnson, handle_unknown_categorical=True, unknown_categorical_method=least_frequent, pca=False, pca_method=linear, pca_components=None, ignore_low_variance=False, combine_rare_levels=False, rare_level_threshold=0.1, bin_numeric_features=['age', 'bmi'], remove_outliers=False, outliers_threshold=0.05, remove_multicollinearity=False, multicollinearity_threshold=0.9, remove_perfect_collinearity=True, create_clusters=False, cluster_iter=20, polynomial_features=True, polynomial_degree=2, trigonometry_features=True, polynomial_threshold=0.1, group_features=None, group_names=None, feature_selection=False, feature_selection_threshold=0.8, feature_selection_method=classic, feature_interaction=True, feature_ratio=False, interaction_threshold=0.01, fix_imbalance=False, fix_imbalance_method=None, transform_target=False, transform_target_method=box-cox, data_split_shuffle=True, data_split_stratify=False, fold_strategy=kfold, fold=10, fold_shuffle=False, fold_groups=None, n_jobs=-1, use_gpu=False, custom_pipeline=None, html=True, session_id=123, log_experiment=False, experiment_name=None, log_plots=False, log_profile=False, log_data=False, silent=False, verbose=True, profile=False, profile_kwargs=None, display=None)
2021-01-05 20:47:25,014:INFO:Checking environment
2021-01-05 20:47:25,014:INFO:python_version: 3.8.5
2021-01-05 20:47:25,014:INFO:python_build: ('default', 'Sep  3 2020 21:29:08')
2021-01-05 20:47:25,015:INFO:machine: AMD64
2021-01-05 20:47:25,015:INFO:platform: Windows-10-10.0.18362-SP0
2021-01-05 20:47:25,016:INFO:Memory: svmem(total=17060913152, available=6705528832, percent=60.7, used=10355384320, free=6705528832)
2021-01-05 20:47:25,016:INFO:Physical Core: 4
2021-01-05 20:47:25,017:INFO:Logical Core: 8
2021-01-05 20:47:25,017:INFO:Checking libraries
2021-01-05 20:47:25,018:INFO:pd==1.1.3
2021-01-05 20:47:25,018:INFO:numpy==1.19.2
2021-01-05 20:47:25,018:INFO:sklearn==0.23.2
2021-01-05 20:47:25,018:INFO:xgboost==1.3.1
2021-01-05 20:47:25,019:INFO:lightgbm==3.1.1
2021-01-05 20:47:25,019:INFO:catboost==0.24.4
2021-01-05 20:47:25,020:INFO:mlflow==1.13.1
2021-01-05 20:47:25,020:INFO:Checking Exceptions
2021-01-05 20:47:25,021:INFO:Declaring global variables
2021-01-05 20:47:25,021:INFO:USI: 476f
2021-01-05 20:47:25,022:INFO:pycaret_globals: {'fix_imbalance_method_param', 'experiment__', 'fix_imbalance_param', 'gpu_param', '_all_models_internal', 'display_container', 'pycaret_globals', '_gpu_n_jobs_param', 'imputation_classifier', '_all_models', 'X_train', 'USI', 'prep_pipe', 'stratify_param', 'iterative_imputation_iters_param', 'X', 'data_before_preprocess', 'fold_groups_param', 'fold_param', 'target_param', 'n_jobs_param', 'y', 'fold_generator', 'X_test', 'log_plots_param', 'seed', 'imputation_regressor', 'logging_param', '_internal_pipeline', 'transform_target_method_param', 'html_param', '_ml_usecase', 'master_model_container', 'exp_name_log', '_all_metrics', 'fold_shuffle_param', '_available_plots', 'y_test', 'create_model_container', 'y_train', 'transform_target_param'}
2021-01-05 20:47:25,022:INFO:Preparing display monitor
2021-01-05 20:47:25,023:INFO:Preparing display monitor
2021-01-05 20:47:25,056:INFO:Importing libraries
2021-01-05 20:47:25,056:INFO:Copying data for preprocessing
2021-01-05 20:47:25,077:INFO:Declaring preprocessing parameters
2021-01-05 20:47:25,081:INFO:Creating preprocessing pipeline
2021-01-05 20:47:25,094:INFO:Preprocessing pipeline created successfully
2021-01-05 20:47:25,095:ERROR:(Process Exit): setup has been interupted with user command 'quit'. setup must rerun.
2021-01-05 20:47:25,096:INFO:Creating global containers
2021-01-05 20:47:25,097:INFO:Internal pipeline: Pipeline(memory=None, steps=[('empty_step', 'passthrough')], verbose=False)
2021-01-05 20:47:33,485:INFO:Creating grid variables
2021-01-05 20:47:33,525:INFO:create_model_container: 0
2021-01-05 20:47:33,526:INFO:master_model_container: 0
2021-01-05 20:47:33,526:INFO:display_container: 1
2021-01-05 20:47:33,544:INFO:Pipeline(memory=None,
         steps=[('dtypes',
                 DataTypes_Auto_infer(categorical_features=[],
                                      display_types=True, features_todrop=[],
                                      id_columns=[], ml_usecase='regression',
                                      numerical_features=[], target='charges',
                                      time_features=[])),
                ('imputer',
                 Simple_Imputer(categorical_strategy='not_available',
                                fill_value_categorical=None,
                                fill_value_numerical=None,
                                numeric_strategy...
                ('dummy', Dummify(target='charges')),
                ('fix_perfect', Remove_100(target='charges')),
                ('clean_names', Clean_Colum_Names()),
                ('feature_select', 'passthrough'), ('fix_multi', 'passthrough'),
                ('dfs',
                 DFS_Classic(interactions=['multiply'], ml_usecase='regression',
                             random_state=123, subclass='binary',
                             target='charges',
                             top_features_to_pick_percentage=None)),
                ('pca', 'passthrough')],
         verbose=False)
2021-01-05 20:47:33,545:INFO:setup() succesfully completed......................................
2021-01-05 20:48:00,505:INFO:PyCaret Supervised Module
2021-01-05 20:48:00,505:INFO:ML Usecase: regression
2021-01-05 20:48:00,505:INFO:version 2.2.3
2021-01-05 20:48:00,505:INFO:Initializing setup()
2021-01-05 20:48:00,509:INFO:setup(target=charges, ml_usecase=regression, available_plots={'parameter': 'Hyperparameters', 'residuals': 'Residuals', 'error': 'Prediction Error', 'cooks': 'Cooks Distance', 'rfe': 'Feature Selection', 'learning': 'Learning Curve', 'manifold': 'Manifold Learning', 'vc': 'Validation Curve', 'feature': 'Feature Importance', 'feature_all': 'Feature Importance (All)', 'tree': 'Decision Tree'}, train_size=0.7, test_data=None, preprocess=True, imputation_type=simple, iterative_imputation_iters=5, categorical_features=None, categorical_imputation=constant, categorical_iterative_imputer=lightgbm, ordinal_features=None, high_cardinality_features=None, high_cardinality_method=frequency, numeric_features=None, numeric_imputation=mean, numeric_iterative_imputer=lightgbm, date_features=None, ignore_features=None, normalize=True, normalize_method=zscore, transformation=False, transformation_method=yeo-johnson, handle_unknown_categorical=True, unknown_categorical_method=least_frequent, pca=False, pca_method=linear, pca_components=None, ignore_low_variance=False, combine_rare_levels=False, rare_level_threshold=0.1, bin_numeric_features=['age', 'bmi'], remove_outliers=False, outliers_threshold=0.05, remove_multicollinearity=False, multicollinearity_threshold=0.9, remove_perfect_collinearity=True, create_clusters=False, cluster_iter=20, polynomial_features=True, polynomial_degree=2, trigonometry_features=True, polynomial_threshold=0.1, group_features=None, group_names=None, feature_selection=False, feature_selection_threshold=0.8, feature_selection_method=classic, feature_interaction=True, feature_ratio=False, interaction_threshold=0.01, fix_imbalance=False, fix_imbalance_method=None, transform_target=False, transform_target_method=box-cox, data_split_shuffle=True, data_split_stratify=False, fold_strategy=kfold, fold=10, fold_shuffle=False, fold_groups=None, n_jobs=-1, use_gpu=False, custom_pipeline=None, html=True, session_id=123, log_experiment=False, experiment_name=None, log_plots=False, log_profile=False, log_data=False, silent=False, verbose=True, profile=False, profile_kwargs=None, display=None)
2021-01-05 20:48:00,509:INFO:Checking environment
2021-01-05 20:48:00,510:INFO:python_version: 3.8.5
2021-01-05 20:48:00,510:INFO:python_build: ('default', 'Sep  3 2020 21:29:08')
2021-01-05 20:48:00,510:INFO:machine: AMD64
2021-01-05 20:48:00,511:INFO:platform: Windows-10-10.0.18362-SP0
2021-01-05 20:48:00,511:INFO:Memory: svmem(total=17060913152, available=6725300224, percent=60.6, used=10335612928, free=6725300224)
2021-01-05 20:48:00,512:INFO:Physical Core: 4
2021-01-05 20:48:00,512:INFO:Logical Core: 8
2021-01-05 20:48:00,512:INFO:Checking libraries
2021-01-05 20:48:00,513:INFO:pd==1.1.3
2021-01-05 20:48:00,513:INFO:numpy==1.19.2
2021-01-05 20:48:00,513:INFO:sklearn==0.23.2
2021-01-05 20:48:00,514:INFO:xgboost==1.3.1
2021-01-05 20:48:00,514:INFO:lightgbm==3.1.1
2021-01-05 20:48:00,514:INFO:catboost==0.24.4
2021-01-05 20:48:00,514:INFO:mlflow==1.13.1
2021-01-05 20:48:00,516:INFO:Checking Exceptions
2021-01-05 20:48:00,516:INFO:Declaring global variables
2021-01-05 20:48:00,516:INFO:USI: 9c3a
2021-01-05 20:48:00,517:INFO:pycaret_globals: {'fix_imbalance_method_param', 'experiment__', 'fix_imbalance_param', 'gpu_param', '_all_models_internal', 'display_container', 'pycaret_globals', '_gpu_n_jobs_param', 'imputation_classifier', '_all_models', 'X_train', 'USI', 'prep_pipe', 'stratify_param', 'iterative_imputation_iters_param', 'X', 'data_before_preprocess', 'fold_groups_param', 'fold_param', 'target_param', 'n_jobs_param', 'y', 'fold_generator', 'X_test', 'log_plots_param', 'seed', 'imputation_regressor', 'logging_param', '_internal_pipeline', 'transform_target_method_param', 'html_param', '_ml_usecase', 'master_model_container', 'exp_name_log', '_all_metrics', 'fold_shuffle_param', '_available_plots', 'y_test', 'create_model_container', 'y_train', 'transform_target_param'}
2021-01-05 20:48:00,518:INFO:Preparing display monitor
2021-01-05 20:48:00,518:INFO:Preparing display monitor
2021-01-05 20:48:00,535:INFO:Importing libraries
2021-01-05 20:48:00,535:INFO:Copying data for preprocessing
2021-01-05 20:48:00,554:INFO:Declaring preprocessing parameters
2021-01-05 20:48:00,555:INFO:Creating preprocessing pipeline
2021-01-05 20:48:00,563:INFO:Preprocessing pipeline created successfully
2021-01-05 20:48:00,564:ERROR:(Process Exit): setup has been interupted with user command 'quit'. setup must rerun.
2021-01-05 20:48:00,564:INFO:Creating global containers
2021-01-05 20:48:00,566:INFO:Internal pipeline: Pipeline(memory=None, steps=[('empty_step', 'passthrough')], verbose=False)
2021-01-05 20:48:06,915:INFO:Creating grid variables
2021-01-05 20:48:06,945:INFO:create_model_container: 0
2021-01-05 20:48:06,946:INFO:master_model_container: 0
2021-01-05 20:48:06,946:INFO:display_container: 1
2021-01-05 20:48:06,954:INFO:Pipeline(memory=None,
         steps=[('dtypes',
                 DataTypes_Auto_infer(categorical_features=[],
                                      display_types=True, features_todrop=[],
                                      id_columns=[], ml_usecase='regression',
                                      numerical_features=[], target='charges',
                                      time_features=[])),
                ('imputer',
                 Simple_Imputer(categorical_strategy='not_available',
                                fill_value_categorical=None,
                                fill_value_numerical=None,
                                numeric_strategy...
                ('dummy', Dummify(target='charges')),
                ('fix_perfect', Remove_100(target='charges')),
                ('clean_names', Clean_Colum_Names()),
                ('feature_select', 'passthrough'), ('fix_multi', 'passthrough'),
                ('dfs',
                 DFS_Classic(interactions=['multiply'], ml_usecase='regression',
                             random_state=123, subclass='binary',
                             target='charges',
                             top_features_to_pick_percentage=None)),
                ('pca', 'passthrough')],
         verbose=False)
2021-01-05 20:48:06,954:INFO:setup() succesfully completed......................................
2021-01-05 20:52:30,722:INFO:Initializing compare_models()
2021-01-05 20:52:30,722:INFO:compare_models(include=None, fold=None, round=4, cross_validation=True, sort=R2, n_select=1, budget_time=None, turbo=True, errors=ignore, fit_kwargs=None, groups=None, verbose=True, display=None, exclude=None)
2021-01-05 20:52:30,725:INFO:Checking exceptions
2021-01-05 20:52:30,725:INFO:Preparing display monitor
2021-01-05 20:52:30,726:INFO:Preparing display monitor
2021-01-05 20:52:30,775:INFO:Initializing Linear Regression
2021-01-05 20:52:30,775:INFO:Total runtime is 0.0 minutes
2021-01-05 20:52:30,786:INFO:SubProcess create_model() called ==================================
2021-01-05 20:52:30,786:INFO:Initializing create_model()
2021-01-05 20:52:30,786:INFO:create_model(estimator=lr, fold=KFold(n_splits=10, random_state=123, shuffle=False), round=4, cross_validation=True, predict=True, fit_kwargs={}, groups=None, refit=False, verbose=False, system=False, metrics=None, display=<pycaret.internal.Display.Display object at 0x000002031838D040>, kwargs={})
2021-01-05 20:52:30,787:INFO:Checking exceptions
2021-01-05 20:52:30,787:INFO:Importing libraries
2021-01-05 20:52:30,787:INFO:Copying training dataset
2021-01-05 20:52:30,789:INFO:Defining folds
2021-01-05 20:52:30,789:INFO:Declaring metric variables
2021-01-05 20:52:30,803:INFO:Importing untrained model
2021-01-05 20:52:30,811:INFO:Linear Regression Imported succesfully
2021-01-05 20:52:30,833:INFO:Starting cross validation
2021-01-05 20:52:30,834:INFO:Cross validating with KFold(n_splits=10, random_state=123, shuffle=False), n_jobs=-1
2021-01-05 20:52:46,016:INFO:Calculating mean and std
2021-01-05 20:52:46,016:INFO:Creating metrics dataframe
2021-01-05 20:52:46,030:INFO:Uploading results into container
2021-01-05 20:52:46,030:INFO:Uploading model into container now
2021-01-05 20:52:46,031:INFO:create_model_container: 1
2021-01-05 20:52:46,031:INFO:master_model_container: 1
2021-01-05 20:52:46,031:INFO:display_container: 2
2021-01-05 20:52:46,033:INFO:LinearRegression(copy_X=True, fit_intercept=True, n_jobs=-1, normalize=False)
2021-01-05 20:52:46,033:INFO:create_model() succesfully completed......................................
2021-01-05 20:52:46,153:INFO:SubProcess create_model() end ==================================
2021-01-05 20:52:46,153:INFO:Creating metrics dataframe
2021-01-05 20:52:46,181:INFO:Initializing Lasso Regression
2021-01-05 20:52:46,181:INFO:Total runtime is 0.2567789554595947 minutes
2021-01-05 20:52:46,196:INFO:SubProcess create_model() called ==================================
2021-01-05 20:52:46,196:INFO:Initializing create_model()
2021-01-05 20:52:46,196:INFO:create_model(estimator=lasso, fold=KFold(n_splits=10, random_state=123, shuffle=False), round=4, cross_validation=True, predict=True, fit_kwargs={}, groups=None, refit=False, verbose=False, system=False, metrics=None, display=<pycaret.internal.Display.Display object at 0x000002031838D040>, kwargs={})
2021-01-05 20:52:46,196:INFO:Checking exceptions
2021-01-05 20:52:46,196:INFO:Importing libraries
2021-01-05 20:52:46,196:INFO:Copying training dataset
2021-01-05 20:52:46,202:INFO:Defining folds
2021-01-05 20:52:46,202:INFO:Declaring metric variables
2021-01-05 20:52:46,217:INFO:Importing untrained model
2021-01-05 20:52:46,232:INFO:Lasso Regression Imported succesfully
2021-01-05 20:52:46,267:INFO:Starting cross validation
2021-01-05 20:52:46,267:INFO:Cross validating with KFold(n_splits=10, random_state=123, shuffle=False), n_jobs=-1
2021-01-05 20:52:46,398:INFO:Calculating mean and std
2021-01-05 20:52:46,400:INFO:Creating metrics dataframe
2021-01-05 20:52:46,404:INFO:Uploading results into container
2021-01-05 20:52:46,404:INFO:Uploading model into container now
2021-01-05 20:52:46,404:INFO:create_model_container: 2
2021-01-05 20:52:46,404:INFO:master_model_container: 2
2021-01-05 20:52:46,404:INFO:display_container: 2
2021-01-05 20:52:46,405:INFO:Lasso(alpha=1.0, copy_X=True, fit_intercept=True, max_iter=1000,
      normalize=False, positive=False, precompute=False, random_state=123,
      selection='cyclic', tol=0.0001, warm_start=False)
2021-01-05 20:52:46,405:INFO:create_model() succesfully completed......................................
2021-01-05 20:52:46,475:INFO:SubProcess create_model() end ==================================
2021-01-05 20:52:46,475:INFO:Creating metrics dataframe
2021-01-05 20:52:46,503:INFO:Initializing Ridge Regression
2021-01-05 20:52:46,503:INFO:Total runtime is 0.26214174429575604 minutes
2021-01-05 20:52:46,516:INFO:SubProcess create_model() called ==================================
2021-01-05 20:52:46,516:INFO:Initializing create_model()
2021-01-05 20:52:46,516:INFO:create_model(estimator=ridge, fold=KFold(n_splits=10, random_state=123, shuffle=False), round=4, cross_validation=True, predict=True, fit_kwargs={}, groups=None, refit=False, verbose=False, system=False, metrics=None, display=<pycaret.internal.Display.Display object at 0x000002031838D040>, kwargs={})
2021-01-05 20:52:46,517:INFO:Checking exceptions
2021-01-05 20:52:46,517:INFO:Importing libraries
2021-01-05 20:52:46,517:INFO:Copying training dataset
2021-01-05 20:52:46,519:INFO:Defining folds
2021-01-05 20:52:46,519:INFO:Declaring metric variables
2021-01-05 20:52:46,535:INFO:Importing untrained model
2021-01-05 20:52:46,556:INFO:Ridge Regression Imported succesfully
2021-01-05 20:52:46,604:INFO:Starting cross validation
2021-01-05 20:52:46,606:INFO:Cross validating with KFold(n_splits=10, random_state=123, shuffle=False), n_jobs=-1
2021-01-05 20:52:46,750:INFO:Calculating mean and std
2021-01-05 20:52:46,750:INFO:Creating metrics dataframe
2021-01-05 20:52:46,761:INFO:Uploading results into container
2021-01-05 20:52:46,761:INFO:Uploading model into container now
2021-01-05 20:52:46,762:INFO:create_model_container: 3
2021-01-05 20:52:46,763:INFO:master_model_container: 3
2021-01-05 20:52:46,763:INFO:display_container: 2
2021-01-05 20:52:46,765:INFO:Ridge(alpha=1.0, copy_X=True, fit_intercept=True, max_iter=None,
      normalize=False, random_state=123, solver='auto', tol=0.001)
2021-01-05 20:52:46,766:INFO:create_model() succesfully completed......................................
2021-01-05 20:52:46,847:INFO:SubProcess create_model() end ==================================
2021-01-05 20:52:46,847:INFO:Creating metrics dataframe
2021-01-05 20:52:46,884:INFO:Initializing Elastic Net
2021-01-05 20:52:46,885:INFO:Total runtime is 0.26851176818211875 minutes
2021-01-05 20:52:46,903:INFO:SubProcess create_model() called ==================================
2021-01-05 20:52:46,905:INFO:Initializing create_model()
2021-01-05 20:52:46,905:INFO:create_model(estimator=en, fold=KFold(n_splits=10, random_state=123, shuffle=False), round=4, cross_validation=True, predict=True, fit_kwargs={}, groups=None, refit=False, verbose=False, system=False, metrics=None, display=<pycaret.internal.Display.Display object at 0x000002031838D040>, kwargs={})
2021-01-05 20:52:46,905:INFO:Checking exceptions
2021-01-05 20:52:46,906:INFO:Importing libraries
2021-01-05 20:52:46,906:INFO:Copying training dataset
2021-01-05 20:52:46,908:INFO:Defining folds
2021-01-05 20:52:46,909:INFO:Declaring metric variables
2021-01-05 20:52:46,927:INFO:Importing untrained model
2021-01-05 20:52:46,953:INFO:Elastic Net Imported succesfully
2021-01-05 20:52:46,998:INFO:Starting cross validation
2021-01-05 20:52:46,998:INFO:Cross validating with KFold(n_splits=10, random_state=123, shuffle=False), n_jobs=-1
2021-01-05 20:52:47,161:INFO:Calculating mean and std
2021-01-05 20:52:47,164:INFO:Creating metrics dataframe
2021-01-05 20:52:47,170:INFO:Uploading results into container
2021-01-05 20:52:47,170:INFO:Uploading model into container now
2021-01-05 20:52:47,170:INFO:create_model_container: 4
2021-01-05 20:52:47,176:INFO:master_model_container: 4
2021-01-05 20:52:47,176:INFO:display_container: 2
2021-01-05 20:52:47,178:INFO:ElasticNet(alpha=1.0, copy_X=True, fit_intercept=True, l1_ratio=0.5,
           max_iter=1000, normalize=False, positive=False, precompute=False,
           random_state=123, selection='cyclic', tol=0.0001, warm_start=False)
2021-01-05 20:52:47,178:INFO:create_model() succesfully completed......................................
2021-01-05 20:52:47,297:INFO:SubProcess create_model() end ==================================
2021-01-05 20:52:47,297:INFO:Creating metrics dataframe
2021-01-05 20:52:47,331:INFO:Initializing Least Angle Regression
2021-01-05 20:52:47,331:INFO:Total runtime is 0.27594519058863326 minutes
2021-01-05 20:52:47,355:INFO:SubProcess create_model() called ==================================
2021-01-05 20:52:47,355:INFO:Initializing create_model()
2021-01-05 20:52:47,355:INFO:create_model(estimator=lar, fold=KFold(n_splits=10, random_state=123, shuffle=False), round=4, cross_validation=True, predict=True, fit_kwargs={}, groups=None, refit=False, verbose=False, system=False, metrics=None, display=<pycaret.internal.Display.Display object at 0x000002031838D040>, kwargs={})
2021-01-05 20:52:47,355:INFO:Checking exceptions
2021-01-05 20:52:47,358:INFO:Importing libraries
2021-01-05 20:52:47,358:INFO:Copying training dataset
2021-01-05 20:52:47,360:INFO:Defining folds
2021-01-05 20:52:47,361:INFO:Declaring metric variables
2021-01-05 20:52:47,378:INFO:Importing untrained model
2021-01-05 20:52:47,397:INFO:Least Angle Regression Imported succesfully
2021-01-05 20:52:47,433:INFO:Starting cross validation
2021-01-05 20:52:47,437:INFO:Cross validating with KFold(n_splits=10, random_state=123, shuffle=False), n_jobs=-1
2021-01-05 20:52:47,624:INFO:Calculating mean and std
2021-01-05 20:52:47,624:INFO:Creating metrics dataframe
2021-01-05 20:52:47,637:INFO:Uploading results into container
2021-01-05 20:52:47,637:INFO:Uploading model into container now
2021-01-05 20:52:47,638:INFO:create_model_container: 5
2021-01-05 20:52:47,638:INFO:master_model_container: 5
2021-01-05 20:52:47,638:INFO:display_container: 2
2021-01-05 20:52:47,639:INFO:Lars(copy_X=True, eps=2.220446049250313e-16, fit_intercept=True, fit_path=True,
     jitter=None, n_nonzero_coefs=500, normalize=True, precompute='auto',
     random_state=123, verbose=False)
2021-01-05 20:52:47,639:INFO:create_model() succesfully completed......................................
2021-01-05 20:52:47,746:INFO:SubProcess create_model() end ==================================
2021-01-05 20:52:47,746:INFO:Creating metrics dataframe
2021-01-05 20:52:47,788:INFO:Initializing Lasso Least Angle Regression
2021-01-05 20:52:47,788:INFO:Total runtime is 0.28355003992716477 minutes
2021-01-05 20:52:47,802:INFO:SubProcess create_model() called ==================================
2021-01-05 20:52:47,808:INFO:Initializing create_model()
2021-01-05 20:52:47,808:INFO:create_model(estimator=llar, fold=KFold(n_splits=10, random_state=123, shuffle=False), round=4, cross_validation=True, predict=True, fit_kwargs={}, groups=None, refit=False, verbose=False, system=False, metrics=None, display=<pycaret.internal.Display.Display object at 0x000002031838D040>, kwargs={})
2021-01-05 20:52:47,810:INFO:Checking exceptions
2021-01-05 20:52:47,810:INFO:Importing libraries
2021-01-05 20:52:47,810:INFO:Copying training dataset
2021-01-05 20:52:47,813:INFO:Defining folds
2021-01-05 20:52:47,814:INFO:Declaring metric variables
2021-01-05 20:52:47,830:INFO:Importing untrained model
2021-01-05 20:52:47,848:INFO:Lasso Least Angle Regression Imported succesfully
2021-01-05 20:52:47,887:INFO:Starting cross validation
2021-01-05 20:52:47,889:INFO:Cross validating with KFold(n_splits=10, random_state=123, shuffle=False), n_jobs=-1
2021-01-05 20:52:48,069:INFO:Calculating mean and std
2021-01-05 20:52:48,071:INFO:Creating metrics dataframe
2021-01-05 20:52:48,078:INFO:Uploading results into container
2021-01-05 20:52:48,079:INFO:Uploading model into container now
2021-01-05 20:52:48,079:INFO:create_model_container: 6
2021-01-05 20:52:48,079:INFO:master_model_container: 6
2021-01-05 20:52:48,080:INFO:display_container: 2
2021-01-05 20:52:48,081:INFO:LassoLars(alpha=1.0, copy_X=True, eps=2.220446049250313e-16, fit_intercept=True,
          fit_path=True, jitter=None, max_iter=500, normalize=True,
          positive=False, precompute='auto', random_state=123, verbose=False)
2021-01-05 20:52:48,081:INFO:create_model() succesfully completed......................................
2021-01-05 20:52:48,183:INFO:SubProcess create_model() end ==================================
2021-01-05 20:52:48,183:INFO:Creating metrics dataframe
2021-01-05 20:52:48,222:INFO:Initializing Orthogonal Matching Pursuit
2021-01-05 20:52:48,222:INFO:Total runtime is 0.29079855680465705 minutes
2021-01-05 20:52:48,238:INFO:SubProcess create_model() called ==================================
2021-01-05 20:52:48,238:INFO:Initializing create_model()
2021-01-05 20:52:48,245:INFO:create_model(estimator=omp, fold=KFold(n_splits=10, random_state=123, shuffle=False), round=4, cross_validation=True, predict=True, fit_kwargs={}, groups=None, refit=False, verbose=False, system=False, metrics=None, display=<pycaret.internal.Display.Display object at 0x000002031838D040>, kwargs={})
2021-01-05 20:52:48,245:INFO:Checking exceptions
2021-01-05 20:52:48,246:INFO:Importing libraries
2021-01-05 20:52:48,246:INFO:Copying training dataset
2021-01-05 20:52:48,248:INFO:Defining folds
2021-01-05 20:52:48,249:INFO:Declaring metric variables
2021-01-05 20:52:48,268:INFO:Importing untrained model
2021-01-05 20:52:48,285:INFO:Orthogonal Matching Pursuit Imported succesfully
2021-01-05 20:52:48,320:INFO:Starting cross validation
2021-01-05 20:52:48,321:INFO:Cross validating with KFold(n_splits=10, random_state=123, shuffle=False), n_jobs=-1
2021-01-05 20:52:48,439:INFO:Calculating mean and std
2021-01-05 20:52:48,439:INFO:Creating metrics dataframe
2021-01-05 20:52:48,452:INFO:Uploading results into container
2021-01-05 20:52:48,453:INFO:Uploading model into container now
2021-01-05 20:52:48,453:INFO:create_model_container: 7
2021-01-05 20:52:48,454:INFO:master_model_container: 7
2021-01-05 20:52:48,454:INFO:display_container: 2
2021-01-05 20:52:48,454:INFO:OrthogonalMatchingPursuit(fit_intercept=True, n_nonzero_coefs=None,
                          normalize=True, precompute='auto', tol=None)
2021-01-05 20:52:48,454:INFO:create_model() succesfully completed......................................
2021-01-05 20:52:48,558:INFO:SubProcess create_model() end ==================================
2021-01-05 20:52:48,559:INFO:Creating metrics dataframe
2021-01-05 20:52:48,596:INFO:Initializing Bayesian Ridge
2021-01-05 20:52:48,597:INFO:Total runtime is 0.297020979722341 minutes
2021-01-05 20:52:48,613:INFO:SubProcess create_model() called ==================================
2021-01-05 20:52:48,614:INFO:Initializing create_model()
2021-01-05 20:52:48,614:INFO:create_model(estimator=br, fold=KFold(n_splits=10, random_state=123, shuffle=False), round=4, cross_validation=True, predict=True, fit_kwargs={}, groups=None, refit=False, verbose=False, system=False, metrics=None, display=<pycaret.internal.Display.Display object at 0x000002031838D040>, kwargs={})
2021-01-05 20:52:48,615:INFO:Checking exceptions
2021-01-05 20:52:48,615:INFO:Importing libraries
2021-01-05 20:52:48,615:INFO:Copying training dataset
2021-01-05 20:52:48,616:INFO:Defining folds
2021-01-05 20:52:48,616:INFO:Declaring metric variables
2021-01-05 20:52:48,626:INFO:Importing untrained model
2021-01-05 20:52:48,640:INFO:Bayesian Ridge Imported succesfully
2021-01-05 20:52:48,668:INFO:Starting cross validation
2021-01-05 20:52:48,668:INFO:Cross validating with KFold(n_splits=10, random_state=123, shuffle=False), n_jobs=-1
2021-01-05 20:52:48,798:INFO:Calculating mean and std
2021-01-05 20:52:48,800:INFO:Creating metrics dataframe
2021-01-05 20:52:48,805:INFO:Uploading results into container
2021-01-05 20:52:48,805:INFO:Uploading model into container now
2021-01-05 20:52:48,805:INFO:create_model_container: 8
2021-01-05 20:52:48,805:INFO:master_model_container: 8
2021-01-05 20:52:48,805:INFO:display_container: 2
2021-01-05 20:52:48,811:INFO:BayesianRidge(alpha_1=1e-06, alpha_2=1e-06, alpha_init=None,
              compute_score=False, copy_X=True, fit_intercept=True,
              lambda_1=1e-06, lambda_2=1e-06, lambda_init=None, n_iter=300,
              normalize=False, tol=0.001, verbose=False)
2021-01-05 20:52:48,811:INFO:create_model() succesfully completed......................................
2021-01-05 20:52:48,913:INFO:SubProcess create_model() end ==================================
2021-01-05 20:52:48,913:INFO:Creating metrics dataframe
2021-01-05 20:52:48,954:INFO:Initializing Passive Aggressive Regressor
2021-01-05 20:52:48,954:INFO:Total runtime is 0.30298475821812954 minutes
2021-01-05 20:52:48,977:INFO:SubProcess create_model() called ==================================
2021-01-05 20:52:48,977:INFO:Initializing create_model()
2021-01-05 20:52:48,977:INFO:create_model(estimator=par, fold=KFold(n_splits=10, random_state=123, shuffle=False), round=4, cross_validation=True, predict=True, fit_kwargs={}, groups=None, refit=False, verbose=False, system=False, metrics=None, display=<pycaret.internal.Display.Display object at 0x000002031838D040>, kwargs={})
2021-01-05 20:52:48,978:INFO:Checking exceptions
2021-01-05 20:52:48,978:INFO:Importing libraries
2021-01-05 20:52:48,979:INFO:Copying training dataset
2021-01-05 20:52:48,981:INFO:Defining folds
2021-01-05 20:52:48,982:INFO:Declaring metric variables
2021-01-05 20:52:48,996:INFO:Importing untrained model
2021-01-05 20:52:49,008:INFO:Passive Aggressive Regressor Imported succesfully
2021-01-05 20:52:49,039:INFO:Starting cross validation
2021-01-05 20:52:49,040:INFO:Cross validating with KFold(n_splits=10, random_state=123, shuffle=False), n_jobs=-1
2021-01-05 20:52:49,931:INFO:Calculating mean and std
2021-01-05 20:52:49,933:INFO:Creating metrics dataframe
2021-01-05 20:52:49,941:INFO:Uploading results into container
2021-01-05 20:52:49,942:INFO:Uploading model into container now
2021-01-05 20:52:49,942:INFO:create_model_container: 9
2021-01-05 20:52:49,943:INFO:master_model_container: 9
2021-01-05 20:52:49,943:INFO:display_container: 2
2021-01-05 20:52:49,944:INFO:PassiveAggressiveRegressor(C=1.0, average=False, early_stopping=False,
                           epsilon=0.1, fit_intercept=True,
                           loss='epsilon_insensitive', max_iter=1000,
                           n_iter_no_change=5, random_state=123, shuffle=True,
                           tol=0.001, validation_fraction=0.1, verbose=0,
                           warm_start=False)
2021-01-05 20:52:49,945:INFO:create_model() succesfully completed......................................
2021-01-05 20:52:50,050:INFO:SubProcess create_model() end ==================================
2021-01-05 20:52:50,051:INFO:Creating metrics dataframe
2021-01-05 20:52:50,092:INFO:Initializing Huber Regressor
2021-01-05 20:52:50,092:INFO:Total runtime is 0.3219659527142843 minutes
2021-01-05 20:52:50,111:INFO:SubProcess create_model() called ==================================
2021-01-05 20:52:50,112:INFO:Initializing create_model()
2021-01-05 20:52:50,113:INFO:create_model(estimator=huber, fold=KFold(n_splits=10, random_state=123, shuffle=False), round=4, cross_validation=True, predict=True, fit_kwargs={}, groups=None, refit=False, verbose=False, system=False, metrics=None, display=<pycaret.internal.Display.Display object at 0x000002031838D040>, kwargs={})
2021-01-05 20:52:50,113:INFO:Checking exceptions
2021-01-05 20:52:50,114:INFO:Importing libraries
2021-01-05 20:52:50,114:INFO:Copying training dataset
2021-01-05 20:52:50,116:INFO:Defining folds
2021-01-05 20:52:50,116:INFO:Declaring metric variables
2021-01-05 20:52:50,136:INFO:Importing untrained model
2021-01-05 20:52:50,159:INFO:Huber Regressor Imported succesfully
2021-01-05 20:52:50,201:INFO:Starting cross validation
2021-01-05 20:52:50,205:INFO:Cross validating with KFold(n_splits=10, random_state=123, shuffle=False), n_jobs=-1
2021-01-05 20:52:50,583:INFO:Calculating mean and std
2021-01-05 20:52:50,583:INFO:Creating metrics dataframe
2021-01-05 20:52:50,594:INFO:Uploading results into container
2021-01-05 20:52:50,595:INFO:Uploading model into container now
2021-01-05 20:52:50,595:INFO:create_model_container: 10
2021-01-05 20:52:50,596:INFO:master_model_container: 10
2021-01-05 20:52:50,596:INFO:display_container: 2
2021-01-05 20:52:50,597:INFO:HuberRegressor(alpha=0.0001, epsilon=1.35, fit_intercept=True, max_iter=100,
               tol=1e-05, warm_start=False)
2021-01-05 20:52:50,598:INFO:create_model() succesfully completed......................................
2021-01-05 20:52:50,706:INFO:SubProcess create_model() end ==================================
2021-01-05 20:52:50,706:INFO:Creating metrics dataframe
2021-01-05 20:52:50,747:INFO:Initializing K Neighbors Regressor
2021-01-05 20:52:50,747:INFO:Total runtime is 0.332881236076355 minutes
2021-01-05 20:52:50,769:INFO:SubProcess create_model() called ==================================
2021-01-05 20:52:50,769:INFO:Initializing create_model()
2021-01-05 20:52:50,770:INFO:create_model(estimator=knn, fold=KFold(n_splits=10, random_state=123, shuffle=False), round=4, cross_validation=True, predict=True, fit_kwargs={}, groups=None, refit=False, verbose=False, system=False, metrics=None, display=<pycaret.internal.Display.Display object at 0x000002031838D040>, kwargs={})
2021-01-05 20:52:50,770:INFO:Checking exceptions
2021-01-05 20:52:50,770:INFO:Importing libraries
2021-01-05 20:52:50,770:INFO:Copying training dataset
2021-01-05 20:52:50,773:INFO:Defining folds
2021-01-05 20:52:50,773:INFO:Declaring metric variables
2021-01-05 20:52:50,791:INFO:Importing untrained model
2021-01-05 20:52:50,815:INFO:K Neighbors Regressor Imported succesfully
2021-01-05 20:52:50,861:INFO:Starting cross validation
2021-01-05 20:52:50,864:INFO:Cross validating with KFold(n_splits=10, random_state=123, shuffle=False), n_jobs=-1
2021-01-05 20:52:51,047:INFO:Calculating mean and std
2021-01-05 20:52:51,048:INFO:Creating metrics dataframe
2021-01-05 20:52:51,053:INFO:Uploading results into container
2021-01-05 20:52:51,053:INFO:Uploading model into container now
2021-01-05 20:52:51,054:INFO:create_model_container: 11
2021-01-05 20:52:51,054:INFO:master_model_container: 11
2021-01-05 20:52:51,054:INFO:display_container: 2
2021-01-05 20:52:51,054:INFO:KNeighborsRegressor(algorithm='auto', leaf_size=30, metric='minkowski',
                    metric_params=None, n_jobs=-1, n_neighbors=5, p=2,
                    weights='uniform')
2021-01-05 20:52:51,055:INFO:create_model() succesfully completed......................................
2021-01-05 20:52:51,154:INFO:SubProcess create_model() end ==================================
2021-01-05 20:52:51,155:INFO:Creating metrics dataframe
2021-01-05 20:52:51,202:INFO:Initializing Decision Tree Regressor
2021-01-05 20:52:51,202:INFO:Total runtime is 0.3404639959335327 minutes
2021-01-05 20:52:51,225:INFO:SubProcess create_model() called ==================================
2021-01-05 20:52:51,226:INFO:Initializing create_model()
2021-01-05 20:52:51,226:INFO:create_model(estimator=dt, fold=KFold(n_splits=10, random_state=123, shuffle=False), round=4, cross_validation=True, predict=True, fit_kwargs={}, groups=None, refit=False, verbose=False, system=False, metrics=None, display=<pycaret.internal.Display.Display object at 0x000002031838D040>, kwargs={})
2021-01-05 20:52:51,227:INFO:Checking exceptions
2021-01-05 20:52:51,227:INFO:Importing libraries
2021-01-05 20:52:51,228:INFO:Copying training dataset
2021-01-05 20:52:51,230:INFO:Defining folds
2021-01-05 20:52:51,231:INFO:Declaring metric variables
2021-01-05 20:52:51,251:INFO:Importing untrained model
2021-01-05 20:52:51,269:INFO:Decision Tree Regressor Imported succesfully
2021-01-05 20:52:51,314:INFO:Starting cross validation
2021-01-05 20:52:51,316:INFO:Cross validating with KFold(n_splits=10, random_state=123, shuffle=False), n_jobs=-1
2021-01-05 20:52:51,483:INFO:Calculating mean and std
2021-01-05 20:52:51,484:INFO:Creating metrics dataframe
2021-01-05 20:52:51,494:INFO:Uploading results into container
2021-01-05 20:52:51,494:INFO:Uploading model into container now
2021-01-05 20:52:51,494:INFO:create_model_container: 12
2021-01-05 20:52:51,494:INFO:master_model_container: 12
2021-01-05 20:52:51,496:INFO:display_container: 2
2021-01-05 20:52:51,497:INFO:DecisionTreeRegressor(ccp_alpha=0.0, criterion='mse', max_depth=None,
                      max_features=None, max_leaf_nodes=None,
                      min_impurity_decrease=0.0, min_impurity_split=None,
                      min_samples_leaf=1, min_samples_split=2,
                      min_weight_fraction_leaf=0.0, presort='deprecated',
                      random_state=123, splitter='best')
2021-01-05 20:52:51,498:INFO:create_model() succesfully completed......................................
2021-01-05 20:52:51,602:INFO:SubProcess create_model() end ==================================
2021-01-05 20:52:51,603:INFO:Creating metrics dataframe
2021-01-05 20:52:51,651:INFO:Initializing Random Forest Regressor
2021-01-05 20:52:51,652:INFO:Total runtime is 0.3479512453079224 minutes
2021-01-05 20:52:51,671:INFO:SubProcess create_model() called ==================================
2021-01-05 20:52:51,671:INFO:Initializing create_model()
2021-01-05 20:52:51,671:INFO:create_model(estimator=rf, fold=KFold(n_splits=10, random_state=123, shuffle=False), round=4, cross_validation=True, predict=True, fit_kwargs={}, groups=None, refit=False, verbose=False, system=False, metrics=None, display=<pycaret.internal.Display.Display object at 0x000002031838D040>, kwargs={})
2021-01-05 20:52:51,671:INFO:Checking exceptions
2021-01-05 20:52:51,671:INFO:Importing libraries
2021-01-05 20:52:51,671:INFO:Copying training dataset
2021-01-05 20:52:51,677:INFO:Defining folds
2021-01-05 20:52:51,677:INFO:Declaring metric variables
2021-01-05 20:52:51,701:INFO:Importing untrained model
2021-01-05 20:52:51,728:INFO:Random Forest Regressor Imported succesfully
2021-01-05 20:52:51,762:INFO:Starting cross validation
2021-01-05 20:52:51,764:INFO:Cross validating with KFold(n_splits=10, random_state=123, shuffle=False), n_jobs=-1
2021-01-05 20:52:55,112:INFO:Calculating mean and std
2021-01-05 20:52:55,114:INFO:Creating metrics dataframe
2021-01-05 20:52:55,121:INFO:Uploading results into container
2021-01-05 20:52:55,121:INFO:Uploading model into container now
2021-01-05 20:52:55,122:INFO:create_model_container: 13
2021-01-05 20:52:55,122:INFO:master_model_container: 13
2021-01-05 20:52:55,122:INFO:display_container: 2
2021-01-05 20:52:55,123:INFO:RandomForestRegressor(bootstrap=True, ccp_alpha=0.0, criterion='mse',
                      max_depth=None, max_features='auto', max_leaf_nodes=None,
                      max_samples=None, min_impurity_decrease=0.0,
                      min_impurity_split=None, min_samples_leaf=1,
                      min_samples_split=2, min_weight_fraction_leaf=0.0,
                      n_estimators=100, n_jobs=-1, oob_score=False,
                      random_state=123, verbose=0, warm_start=False)
2021-01-05 20:52:55,123:INFO:create_model() succesfully completed......................................
2021-01-05 20:52:55,223:INFO:SubProcess create_model() end ==================================
2021-01-05 20:52:55,228:INFO:Creating metrics dataframe
2021-01-05 20:52:55,277:INFO:Initializing Extra Trees Regressor
2021-01-05 20:52:55,277:INFO:Total runtime is 0.40836631059646605 minutes
2021-01-05 20:52:55,300:INFO:SubProcess create_model() called ==================================
2021-01-05 20:52:55,300:INFO:Initializing create_model()
2021-01-05 20:52:55,300:INFO:create_model(estimator=et, fold=KFold(n_splits=10, random_state=123, shuffle=False), round=4, cross_validation=True, predict=True, fit_kwargs={}, groups=None, refit=False, verbose=False, system=False, metrics=None, display=<pycaret.internal.Display.Display object at 0x000002031838D040>, kwargs={})
2021-01-05 20:52:55,301:INFO:Checking exceptions
2021-01-05 20:52:55,301:INFO:Importing libraries
2021-01-05 20:52:55,301:INFO:Copying training dataset
2021-01-05 20:52:55,305:INFO:Defining folds
2021-01-05 20:52:55,305:INFO:Declaring metric variables
2021-01-05 20:52:55,324:INFO:Importing untrained model
2021-01-05 20:52:55,345:INFO:Extra Trees Regressor Imported succesfully
2021-01-05 20:52:55,384:INFO:Starting cross validation
2021-01-05 20:52:55,386:INFO:Cross validating with KFold(n_splits=10, random_state=123, shuffle=False), n_jobs=-1
2021-01-05 20:52:58,199:INFO:Calculating mean and std
2021-01-05 20:52:58,202:INFO:Creating metrics dataframe
2021-01-05 20:52:58,210:INFO:Uploading results into container
2021-01-05 20:52:58,210:INFO:Uploading model into container now
2021-01-05 20:52:58,210:INFO:create_model_container: 14
2021-01-05 20:52:58,210:INFO:master_model_container: 14
2021-01-05 20:52:58,210:INFO:display_container: 2
2021-01-05 20:52:58,210:INFO:ExtraTreesRegressor(bootstrap=False, ccp_alpha=0.0, criterion='mse',
                    max_depth=None, max_features='auto', max_leaf_nodes=None,
                    max_samples=None, min_impurity_decrease=0.0,
                    min_impurity_split=None, min_samples_leaf=1,
                    min_samples_split=2, min_weight_fraction_leaf=0.0,
                    n_estimators=100, n_jobs=-1, oob_score=False,
                    random_state=123, verbose=0, warm_start=False)
2021-01-05 20:52:58,210:INFO:create_model() succesfully completed......................................
2021-01-05 20:52:58,319:INFO:SubProcess create_model() end ==================================
2021-01-05 20:52:58,319:INFO:Creating metrics dataframe
2021-01-05 20:52:58,360:INFO:Initializing AdaBoost Regressor
2021-01-05 20:52:58,360:INFO:Total runtime is 0.45975231726964316 minutes
2021-01-05 20:52:58,384:INFO:SubProcess create_model() called ==================================
2021-01-05 20:52:58,384:INFO:Initializing create_model()
2021-01-05 20:52:58,385:INFO:create_model(estimator=ada, fold=KFold(n_splits=10, random_state=123, shuffle=False), round=4, cross_validation=True, predict=True, fit_kwargs={}, groups=None, refit=False, verbose=False, system=False, metrics=None, display=<pycaret.internal.Display.Display object at 0x000002031838D040>, kwargs={})
2021-01-05 20:52:58,385:INFO:Checking exceptions
2021-01-05 20:52:58,386:INFO:Importing libraries
2021-01-05 20:52:58,386:INFO:Copying training dataset
2021-01-05 20:52:58,389:INFO:Defining folds
2021-01-05 20:52:58,389:INFO:Declaring metric variables
2021-01-05 20:52:58,410:INFO:Importing untrained model
2021-01-05 20:52:58,431:INFO:AdaBoost Regressor Imported succesfully
2021-01-05 20:52:58,468:INFO:Starting cross validation
2021-01-05 20:52:58,469:INFO:Cross validating with KFold(n_splits=10, random_state=123, shuffle=False), n_jobs=-1
2021-01-05 20:52:58,977:INFO:Calculating mean and std
2021-01-05 20:52:58,983:INFO:Creating metrics dataframe
2021-01-05 20:52:58,991:INFO:Uploading results into container
2021-01-05 20:52:58,991:INFO:Uploading model into container now
2021-01-05 20:52:58,991:INFO:create_model_container: 15
2021-01-05 20:52:58,991:INFO:master_model_container: 15
2021-01-05 20:52:58,991:INFO:display_container: 2
2021-01-05 20:52:58,991:INFO:AdaBoostRegressor(base_estimator=None, learning_rate=1.0, loss='linear',
                  n_estimators=50, random_state=123)
2021-01-05 20:52:58,991:INFO:create_model() succesfully completed......................................
2021-01-05 20:52:59,100:INFO:SubProcess create_model() end ==================================
2021-01-05 20:52:59,101:INFO:Creating metrics dataframe
2021-01-05 20:52:59,156:INFO:Initializing Gradient Boosting Regressor
2021-01-05 20:52:59,165:INFO:Total runtime is 0.47318230867385863 minutes
2021-01-05 20:52:59,191:INFO:SubProcess create_model() called ==================================
2021-01-05 20:52:59,191:INFO:Initializing create_model()
2021-01-05 20:52:59,191:INFO:create_model(estimator=gbr, fold=KFold(n_splits=10, random_state=123, shuffle=False), round=4, cross_validation=True, predict=True, fit_kwargs={}, groups=None, refit=False, verbose=False, system=False, metrics=None, display=<pycaret.internal.Display.Display object at 0x000002031838D040>, kwargs={})
2021-01-05 20:52:59,192:INFO:Checking exceptions
2021-01-05 20:52:59,192:INFO:Importing libraries
2021-01-05 20:52:59,192:INFO:Copying training dataset
2021-01-05 20:52:59,193:INFO:Defining folds
2021-01-05 20:52:59,194:INFO:Declaring metric variables
2021-01-05 20:52:59,210:INFO:Importing untrained model
2021-01-05 20:52:59,229:INFO:Gradient Boosting Regressor Imported succesfully
2021-01-05 20:52:59,256:INFO:Starting cross validation
2021-01-05 20:52:59,257:INFO:Cross validating with KFold(n_splits=10, random_state=123, shuffle=False), n_jobs=-1
2021-01-05 20:53:00,564:INFO:Calculating mean and std
2021-01-05 20:53:00,567:INFO:Creating metrics dataframe
2021-01-05 20:53:00,577:INFO:Uploading results into container
2021-01-05 20:53:00,577:INFO:Uploading model into container now
2021-01-05 20:53:00,578:INFO:create_model_container: 16
2021-01-05 20:53:00,578:INFO:master_model_container: 16
2021-01-05 20:53:00,578:INFO:display_container: 2
2021-01-05 20:53:00,581:INFO:GradientBoostingRegressor(alpha=0.9, ccp_alpha=0.0, criterion='friedman_mse',
                          init=None, learning_rate=0.1, loss='ls', max_depth=3,
                          max_features=None, max_leaf_nodes=None,
                          min_impurity_decrease=0.0, min_impurity_split=None,
                          min_samples_leaf=1, min_samples_split=2,
                          min_weight_fraction_leaf=0.0, n_estimators=100,
                          n_iter_no_change=None, presort='deprecated',
                          random_state=123, subsample=1.0, tol=0.0001,
                          validation_fraction=0.1, verbose=0, warm_start=False)
2021-01-05 20:53:00,582:INFO:create_model() succesfully completed......................................
2021-01-05 20:53:00,693:INFO:SubProcess create_model() end ==================================
2021-01-05 20:53:00,698:INFO:Creating metrics dataframe
2021-01-05 20:53:00,775:INFO:Initializing Extreme Gradient Boosting
2021-01-05 20:53:00,777:INFO:Total runtime is 0.5000337600708008 minutes
2021-01-05 20:53:00,805:INFO:SubProcess create_model() called ==================================
2021-01-05 20:53:00,806:INFO:Initializing create_model()
2021-01-05 20:53:00,807:INFO:create_model(estimator=xgboost, fold=KFold(n_splits=10, random_state=123, shuffle=False), round=4, cross_validation=True, predict=True, fit_kwargs={}, groups=None, refit=False, verbose=False, system=False, metrics=None, display=<pycaret.internal.Display.Display object at 0x000002031838D040>, kwargs={})
2021-01-05 20:53:00,807:INFO:Checking exceptions
2021-01-05 20:53:00,808:INFO:Importing libraries
2021-01-05 20:53:00,808:INFO:Copying training dataset
2021-01-05 20:53:00,812:INFO:Defining folds
2021-01-05 20:53:00,813:INFO:Declaring metric variables
2021-01-05 20:53:00,843:INFO:Importing untrained model
2021-01-05 20:53:00,868:INFO:Extreme Gradient Boosting Imported succesfully
2021-01-05 20:53:00,910:INFO:Starting cross validation
2021-01-05 20:53:00,918:INFO:Cross validating with KFold(n_splits=10, random_state=123, shuffle=False), n_jobs=-1
2021-01-05 20:53:07,966:INFO:Calculating mean and std
2021-01-05 20:53:07,970:INFO:Creating metrics dataframe
2021-01-05 20:53:07,986:INFO:Uploading results into container
2021-01-05 20:53:07,987:INFO:Uploading model into container now
2021-01-05 20:53:07,987:INFO:create_model_container: 17
2021-01-05 20:53:07,988:INFO:master_model_container: 17
2021-01-05 20:53:07,988:INFO:display_container: 2
2021-01-05 20:53:07,991:INFO:XGBRegressor(base_score=None, booster='gbtree', colsample_bylevel=None,
             colsample_bynode=None, colsample_bytree=None, gamma=None,
             gpu_id=None, importance_type='gain', interaction_constraints=None,
             learning_rate=None, max_delta_step=None, max_depth=None,
             min_child_weight=None, missing=nan, monotone_constraints=None,
             n_estimators=100, n_jobs=-1, num_parallel_tree=None,
             objective='reg:squarederror', random_state=123, reg_alpha=None,
             reg_lambda=None, scale_pos_weight=None, subsample=None,
             tree_method='auto', validate_parameters=None, verbosity=0)
2021-01-05 20:53:07,992:INFO:create_model() succesfully completed......................................
2021-01-05 20:53:08,124:INFO:SubProcess create_model() end ==================================
2021-01-05 20:53:08,124:INFO:Creating metrics dataframe
2021-01-05 20:53:08,176:INFO:Initializing Light Gradient Boosting Machine
2021-01-05 20:53:08,177:INFO:Total runtime is 0.6233710845311483 minutes
2021-01-05 20:53:08,190:INFO:SubProcess create_model() called ==================================
2021-01-05 20:53:08,190:INFO:Initializing create_model()
2021-01-05 20:53:08,197:INFO:create_model(estimator=lightgbm, fold=KFold(n_splits=10, random_state=123, shuffle=False), round=4, cross_validation=True, predict=True, fit_kwargs={}, groups=None, refit=False, verbose=False, system=False, metrics=None, display=<pycaret.internal.Display.Display object at 0x000002031838D040>, kwargs={})
2021-01-05 20:53:08,197:INFO:Checking exceptions
2021-01-05 20:53:08,197:INFO:Importing libraries
2021-01-05 20:53:08,198:INFO:Copying training dataset
2021-01-05 20:53:08,200:INFO:Defining folds
2021-01-05 20:53:08,201:INFO:Declaring metric variables
2021-01-05 20:53:08,214:INFO:Importing untrained model
2021-01-05 20:53:08,241:INFO:Light Gradient Boosting Machine Imported succesfully
2021-01-05 20:53:08,296:INFO:Starting cross validation
2021-01-05 20:53:08,297:INFO:Cross validating with KFold(n_splits=10, random_state=123, shuffle=False), n_jobs=-1
2021-01-05 20:53:10,844:INFO:Calculating mean and std
2021-01-05 20:53:10,851:INFO:Creating metrics dataframe
2021-01-05 20:53:10,866:INFO:Uploading results into container
2021-01-05 20:53:10,867:INFO:Uploading model into container now
2021-01-05 20:53:10,867:INFO:create_model_container: 18
2021-01-05 20:53:10,867:INFO:master_model_container: 18
2021-01-05 20:53:10,867:INFO:display_container: 2
2021-01-05 20:53:10,870:INFO:LGBMRegressor(boosting_type='gbdt', class_weight=None, colsample_bytree=1.0,
              importance_type='split', learning_rate=0.1, max_depth=-1,
              min_child_samples=20, min_child_weight=0.001, min_split_gain=0.0,
              n_estimators=100, n_jobs=-1, num_leaves=31, objective=None,
              random_state=123, reg_alpha=0.0, reg_lambda=0.0, silent=True,
              subsample=1.0, subsample_for_bin=200000, subsample_freq=0)
2021-01-05 20:53:10,870:INFO:create_model() succesfully completed......................................
2021-01-05 20:53:11,002:INFO:SubProcess create_model() end ==================================
2021-01-05 20:53:11,003:INFO:Creating metrics dataframe
2021-01-05 20:53:11,053:INFO:Initializing CatBoost Regressor
2021-01-05 20:53:11,053:INFO:Total runtime is 0.6712996403376261 minutes
2021-01-05 20:53:11,071:INFO:SubProcess create_model() called ==================================
2021-01-05 20:53:11,072:INFO:Initializing create_model()
2021-01-05 20:53:11,073:INFO:create_model(estimator=catboost, fold=KFold(n_splits=10, random_state=123, shuffle=False), round=4, cross_validation=True, predict=True, fit_kwargs={}, groups=None, refit=False, verbose=False, system=False, metrics=None, display=<pycaret.internal.Display.Display object at 0x000002031838D040>, kwargs={})
2021-01-05 20:53:11,074:INFO:Checking exceptions
2021-01-05 20:53:11,074:INFO:Importing libraries
2021-01-05 20:53:11,075:INFO:Copying training dataset
2021-01-05 20:53:11,076:INFO:Defining folds
2021-01-05 20:53:11,076:INFO:Declaring metric variables
2021-01-05 20:53:11,096:INFO:Importing untrained model
2021-01-05 20:53:11,115:INFO:CatBoost Regressor Imported succesfully
2021-01-05 20:53:11,155:INFO:Starting cross validation
2021-01-05 20:53:11,156:INFO:Cross validating with KFold(n_splits=10, random_state=123, shuffle=False), n_jobs=-1
2021-01-05 20:53:50,657:INFO:Calculating mean and std
2021-01-05 20:53:50,662:INFO:Creating metrics dataframe
2021-01-05 20:53:50,673:INFO:Uploading results into container
2021-01-05 20:53:50,674:INFO:Uploading model into container now
2021-01-05 20:53:50,674:INFO:create_model_container: 19
2021-01-05 20:53:50,675:INFO:master_model_container: 19
2021-01-05 20:53:50,675:INFO:display_container: 2
2021-01-05 20:53:50,675:INFO:<catboost.core.CatBoostRegressor object at 0x0000020318590070>
2021-01-05 20:53:50,676:INFO:create_model() succesfully completed......................................
2021-01-05 20:53:50,787:INFO:SubProcess create_model() end ==================================
2021-01-05 20:53:50,787:INFO:Creating metrics dataframe
2021-01-05 20:53:50,890:INFO:Initializing create_model()
2021-01-05 20:53:50,891:INFO:create_model(estimator=GradientBoostingRegressor(alpha=0.9, ccp_alpha=0.0, criterion='friedman_mse',
                          init=None, learning_rate=0.1, loss='ls', max_depth=3,
                          max_features=None, max_leaf_nodes=None,
                          min_impurity_decrease=0.0, min_impurity_split=None,
                          min_samples_leaf=1, min_samples_split=2,
                          min_weight_fraction_leaf=0.0, n_estimators=100,
                          n_iter_no_change=None, presort='deprecated',
                          random_state=123, subsample=1.0, tol=0.0001,
                          validation_fraction=0.1, verbose=0, warm_start=False), fold=KFold(n_splits=10, random_state=123, shuffle=False), round=4, cross_validation=False, predict=False, fit_kwargs={}, groups=None, refit=True, verbose=False, system=False, metrics=None, display=None, kwargs={})
2021-01-05 20:53:50,891:INFO:Checking exceptions
2021-01-05 20:53:50,892:INFO:Importing libraries
2021-01-05 20:53:50,892:INFO:Copying training dataset
2021-01-05 20:53:50,893:INFO:Defining folds
2021-01-05 20:53:50,894:INFO:Declaring metric variables
2021-01-05 20:53:50,894:INFO:Importing untrained model
2021-01-05 20:53:50,894:INFO:Declaring custom model
2021-01-05 20:53:50,896:INFO:Gradient Boosting Regressor Imported succesfully
2021-01-05 20:53:50,898:INFO:Cross validation set to False
2021-01-05 20:53:50,898:INFO:Fitting Model
2021-01-05 20:53:51,267:INFO:GradientBoostingRegressor(alpha=0.9, ccp_alpha=0.0, criterion='friedman_mse',
                          init=None, learning_rate=0.1, loss='ls', max_depth=3,
                          max_features=None, max_leaf_nodes=None,
                          min_impurity_decrease=0.0, min_impurity_split=None,
                          min_samples_leaf=1, min_samples_split=2,
                          min_weight_fraction_leaf=0.0, n_estimators=100,
                          n_iter_no_change=None, presort='deprecated',
                          random_state=123, subsample=1.0, tol=0.0001,
                          validation_fraction=0.1, verbose=0, warm_start=False)
2021-01-05 20:53:51,267:INFO:create_models() succesfully completed......................................
2021-01-05 20:53:51,394:INFO:create_model_container: 19
2021-01-05 20:53:51,394:INFO:master_model_container: 19
2021-01-05 20:53:51,394:INFO:display_container: 2
2021-01-05 20:53:51,395:INFO:GradientBoostingRegressor(alpha=0.9, ccp_alpha=0.0, criterion='friedman_mse',
                          init=None, learning_rate=0.1, loss='ls', max_depth=3,
                          max_features=None, max_leaf_nodes=None,
                          min_impurity_decrease=0.0, min_impurity_split=None,
                          min_samples_leaf=1, min_samples_split=2,
                          min_weight_fraction_leaf=0.0, n_estimators=100,
                          n_iter_no_change=None, presort='deprecated',
                          random_state=123, subsample=1.0, tol=0.0001,
                          validation_fraction=0.1, verbose=0, warm_start=False)
2021-01-05 20:53:51,396:INFO:compare_models() succesfully completed......................................
2021-01-05 20:56:42,966:INFO:Initializing create_model()
2021-01-05 20:56:42,966:INFO:create_model(estimator=lr, fold=None, round=4, cross_validation=True, predict=True, fit_kwargs=None, groups=None, refit=True, verbose=True, system=True, metrics=None, display=None, kwargs={})
2021-01-05 20:56:42,966:INFO:Checking exceptions
2021-01-05 20:56:42,968:INFO:Preparing display monitor
2021-01-05 20:56:43,000:INFO:Importing libraries
2021-01-05 20:56:43,000:INFO:Copying training dataset
2021-01-05 20:56:43,002:INFO:Defining folds
2021-01-05 20:56:43,003:INFO:Declaring metric variables
2021-01-05 20:56:43,013:INFO:Importing untrained model
2021-01-05 20:56:43,024:INFO:Linear Regression Imported succesfully
2021-01-05 20:56:43,046:INFO:Starting cross validation
2021-01-05 20:56:43,050:INFO:Cross validating with KFold(n_splits=10, random_state=123, shuffle=False), n_jobs=-1
2021-01-05 20:56:43,157:INFO:Calculating mean and std
2021-01-05 20:56:43,165:INFO:Creating metrics dataframe
2021-01-05 20:56:43,192:INFO:Finalizing model
2021-01-05 20:56:43,204:INFO:Uploading results into container
2021-01-05 20:56:43,205:INFO:Uploading model into container now
2021-01-05 20:56:43,241:INFO:create_model_container: 20
2021-01-05 20:56:43,241:INFO:master_model_container: 20
2021-01-05 20:56:43,241:INFO:display_container: 3
2021-01-05 20:56:43,241:INFO:LinearRegression(copy_X=True, fit_intercept=True, n_jobs=-1, normalize=False)
2021-01-05 20:56:43,249:INFO:create_model() succesfully completed......................................
2021-01-05 20:56:43,383:INFO:Initializing plot_model()
2021-01-05 20:56:43,383:INFO:plot_model(plot=residuals, fold=None, use_train_data=False, verbose=True, display=None, estimator=LinearRegression(copy_X=True, fit_intercept=True, n_jobs=-1, normalize=False), feature_name=None, fit_kwargs=None, groups=None, label=False, save=False, scale=1, system=True)
2021-01-05 20:56:43,384:INFO:Checking exceptions
2021-01-05 20:56:43,385:INFO:Preparing display monitor
2021-01-05 20:56:43,399:INFO:Preloading libraries
2021-01-05 20:56:43,402:INFO:Copying training dataset
2021-01-05 20:56:43,403:INFO:Copying test dataset
2021-01-05 20:56:43,405:INFO:Plot type: residuals
2021-01-05 20:56:43,472:INFO:Fitting Model
2021-01-05 20:56:43,569:INFO:Scoring test/hold-out set
2021-01-05 20:56:44,796:INFO:Visual Rendered Successfully
2021-01-05 20:56:44,908:INFO:plot_model() succesfully completed......................................
2021-01-05 20:56:44,935:INFO:Initializing save_model()
2021-01-05 20:56:44,935:INFO:save_model(model=LinearRegression(copy_X=True, fit_intercept=True, n_jobs=-1, normalize=False), model_name=deployment_28042020, prep_pipe_=Pipeline(memory=None,
         steps=[('dtypes',
                 DataTypes_Auto_infer(categorical_features=[],
                                      display_types=True, features_todrop=[],
                                      id_columns=[], ml_usecase='regression',
                                      numerical_features=[], target='charges',
                                      time_features=[])),
                ('imputer',
                 Simple_Imputer(categorical_strategy='not_available',
                                fill_value_categorical=None,
                                fill_value_numerical=None,
                                numeric_strategy...
                ('dummy', Dummify(target='charges')),
                ('fix_perfect', Remove_100(target='charges')),
                ('clean_names', Clean_Colum_Names()),
                ('feature_select', 'passthrough'), ('fix_multi', 'passthrough'),
                ('dfs',
                 DFS_Classic(interactions=['multiply'], ml_usecase='regression',
                             random_state=123, subclass='binary',
                             target='charges',
                             top_features_to_pick_percentage=None)),
                ('pca', 'passthrough')],
         verbose=False), verbose=True)
2021-01-05 20:56:44,936:INFO:Adding model into prep_pipe
2021-01-05 20:56:44,970:INFO:deployment_28042020.pkl saved in current working directory
2021-01-05 20:56:44,996:INFO:Pipeline(memory=None,
         steps=[('dtypes',
                 DataTypes_Auto_infer(categorical_features=[],
                                      display_types=True, features_todrop=[],
                                      id_columns=[], ml_usecase='regression',
                                      numerical_features=[], target='charges',
                                      time_features=[])),
                ('imputer',
                 Simple_Imputer(categorical_strategy='not_available',
                                fill_value_categorical=None,
                                fill_value_numerical=None,
                                numeric_strategy...
                ('feature_select', 'passthrough'), ('fix_multi', 'passthrough'),
                ('dfs',
                 DFS_Classic(interactions=['multiply'], ml_usecase='regression',
                             random_state=123, subclass='binary',
                             target='charges',
                             top_features_to_pick_percentage=None)),
                ('pca', 'passthrough'),
                ['trained_model',
                 LinearRegression(copy_X=True, fit_intercept=True, n_jobs=-1,
                                  normalize=False)]],
         verbose=False)
2021-01-05 20:56:44,997:INFO:save_model() succesfully completed......................................
2021-01-05 20:56:45,141:INFO:Initializing load_model()
2021-01-05 20:56:45,141:INFO:load_model(model_name=deployment_28042020, platform=None, authentication=None, verbose=True)
2021-01-05 21:41:33,003:INFO:Initializing load_model()
2021-01-05 21:41:33,003:INFO:load_model(model_name=deployment_28042020, platform=None, authentication=None, verbose=True)
2021-01-05 21:41:43,983:INFO:Initializing load_model()
2021-01-05 21:41:43,983:INFO:load_model(model_name=deployment_28042020, platform=None, authentication=None, verbose=True)
2021-01-05 21:45:41,075:INFO:Initializing predict_model()
2021-01-05 21:45:41,076:INFO:predict_model(estimator=Pipeline(steps=[('dtypes',
                 DataTypes_Auto_infer(ml_usecase='regression',
                                      target='charges')),
                ('imputer',
                 Simple_Imputer(categorical_strategy='not_available',
                                fill_value_categorical=None,
                                fill_value_numerical=None,
                                numeric_strategy='mean',
                                target_variable=None)),
                ('new_levels1',
                 New_Catagorical_Levels_in_TestData(replacement_strategy='least '
                                                                         'frequent',
                                                    target=...
                ('fix_perfect', Remove_100(target='charges')),
                ('clean_names', Clean_Colum_Names()),
                ('feature_select', 'passthrough'), ('fix_multi', 'passthrough'),
                ('dfs',
                 DFS_Classic(interactions=['multiply'], ml_usecase='regression',
                             random_state=123, subclass='binary',
                             target='charges',
                             top_features_to_pick_percentage=None)),
                ('pca', 'passthrough'),
                ['trained_model', LinearRegression(n_jobs=-1)]]), probability_threshold=None, encoded_labels=True, round=0, verbose=True, ml_usecase=MLUsecase.REGRESSION, display=None)
2021-01-05 21:45:41,076:INFO:Checking exceptions
2021-01-05 21:45:41,076:INFO:Preloading libraries
2021-01-05 21:45:52,808:INFO:Initializing load_model()
2021-01-05 21:45:52,808:INFO:load_model(model_name=deployment_28042020, platform=None, authentication=None, verbose=True)
2021-01-07 23:12:13,837:INFO:Initializing load_model()
2021-01-07 23:12:13,837:INFO:load_model(model_name=deployment_28042020, platform=None, authentication=None, verbose=True)
2021-01-07 23:12:21,977:INFO:Initializing load_model()
2021-01-07 23:12:21,977:INFO:load_model(model_name=deployment_28042020, platform=None, authentication=None, verbose=True)
2021-01-07 23:13:18,515:INFO:Initializing predict_model()
2021-01-07 23:13:18,515:INFO:predict_model(estimator=Pipeline(steps=[('dtypes',
                 DataTypes_Auto_infer(ml_usecase='regression',
                                      target='charges')),
                ('imputer',
                 Simple_Imputer(categorical_strategy='not_available',
                                fill_value_categorical=None,
                                fill_value_numerical=None,
                                numeric_strategy='mean',
                                target_variable=None)),
                ('new_levels1',
                 New_Catagorical_Levels_in_TestData(replacement_strategy='least '
                                                                         'frequent',
                                                    target=...
                ('fix_perfect', Remove_100(target='charges')),
                ('clean_names', Clean_Colum_Names()),
                ('feature_select', 'passthrough'), ('fix_multi', 'passthrough'),
                ('dfs',
                 DFS_Classic(interactions=['multiply'], ml_usecase='regression',
                             random_state=123, subclass='binary',
                             target='charges',
                             top_features_to_pick_percentage=None)),
                ('pca', 'passthrough'),
                ['trained_model', LinearRegression(n_jobs=-1)]]), probability_threshold=None, encoded_labels=True, round=0, verbose=True, ml_usecase=MLUsecase.REGRESSION, display=None)
2021-01-07 23:13:18,515:INFO:Checking exceptions
2021-01-07 23:13:18,515:INFO:Preloading libraries
2021-01-07 23:13:30,645:INFO:Initializing load_model()
2021-01-07 23:13:30,645:INFO:load_model(model_name=deployment_28042020, platform=None, authentication=None, verbose=True)
2021-01-07 23:15:01,517:INFO:Initializing load_model()
2021-01-07 23:15:01,517:INFO:load_model(model_name=deployment_28042020, platform=None, authentication=None, verbose=True)
2021-01-07 23:20:18,587:INFO:Initializing load_model()
2021-01-07 23:20:18,593:INFO:load_model(model_name=deployment_28042020, platform=None, authentication=None, verbose=True)
2021-01-07 23:20:31,833:INFO:Initializing load_model()
2021-01-07 23:20:31,849:INFO:load_model(model_name=deployment_28042020, platform=None, authentication=None, verbose=True)
2021-01-07 23:21:02,509:INFO:Initializing load_model()
2021-01-07 23:21:02,509:INFO:load_model(model_name=deployment_28042020, platform=None, authentication=None, verbose=True)
2021-01-07 23:21:25,925:INFO:Initializing predict_model()
2021-01-07 23:21:25,925:INFO:predict_model(estimator=Pipeline(steps=[('dtypes',
                 DataTypes_Auto_infer(ml_usecase='regression',
                                      target='charges')),
                ('imputer',
                 Simple_Imputer(categorical_strategy='not_available',
                                fill_value_categorical=None,
                                fill_value_numerical=None,
                                numeric_strategy='mean',
                                target_variable=None)),
                ('new_levels1',
                 New_Catagorical_Levels_in_TestData(replacement_strategy='least '
                                                                         'frequent',
                                                    target=...
                ('fix_perfect', Remove_100(target='charges')),
                ('clean_names', Clean_Colum_Names()),
                ('feature_select', 'passthrough'), ('fix_multi', 'passthrough'),
                ('dfs',
                 DFS_Classic(interactions=['multiply'], ml_usecase='regression',
                             random_state=123, subclass='binary',
                             target='charges',
                             top_features_to_pick_percentage=None)),
                ('pca', 'passthrough'),
                ['trained_model', LinearRegression(n_jobs=-1)]]), probability_threshold=None, encoded_labels=True, round=0, verbose=True, ml_usecase=MLUsecase.REGRESSION, display=None)
2021-01-07 23:21:25,925:INFO:Checking exceptions
2021-01-07 23:21:25,925:INFO:Preloading libraries
2021-01-08 00:07:12,784:INFO:Initializing load_model()
2021-01-08 00:07:12,784:INFO:load_model(model_name=deployment_28042020, platform=None, authentication=None, verbose=True)
2021-01-08 00:07:17,696:INFO:Initializing load_model()
2021-01-08 00:07:17,696:INFO:load_model(model_name=deployment_28042020, platform=None, authentication=None, verbose=True)
2021-01-08 00:12:56,120:INFO:Initializing load_model()
2021-01-08 00:12:56,120:INFO:load_model(model_name=deployment_28042020, platform=None, authentication=None, verbose=True)
2021-01-08 11:01:07,760:INFO:Initializing load_model()
2021-01-08 11:01:07,762:INFO:load_model(model_name=deployment_28042020, platform=None, authentication=None, verbose=True)
2021-01-08 11:01:53,220:INFO:Initializing load_model()
2021-01-08 11:01:53,221:INFO:load_model(model_name=deployment_28042020, platform=None, authentication=None, verbose=True)
